{"/Applications/Anurag-backup/Practice/Namaste React/Ep-8 Lets get classy/src/components/sum.js": {"path":"/Applications/Anurag-backup/Practice/Namaste React/Ep-8 Lets get classy/src/components/sum.js","statementMap":{"0":{"start":{"line":2,"column":2},"end":{"line":2,"column":15}},"1":{"start":{"line":5,"column":0},"end":{"line":5,"column":21}}},"fnMap":{"0":{"name":"sum","decl":{"start":{"line":1,"column":9},"end":{"line":1,"column":12}},"loc":{"start":{"line":1,"column":19},"end":{"line":3,"column":1}},"line":1}},"branchMap":{},"s":{"0":1,"1":1},"f":{"0":1},"b":{},"_coverageSchema":"1a1c01bbd47fc00a2c39e90264f33305004495a9","hash":"1b21d4372ca5ff4f72631d4d94d8f36a405ddb54"}
}
